[2023-11-21 11:10:39,303] INFO:feature-service:99:creating connection engine
[2023-11-21 11:10:39,422] INFO:feature-service:103:creating model tables
[2023-11-21 11:10:40,347] INFO:feature-service:107:defining and returning session object
[2023-11-21 11:10:40,348] INFO:feature-service:21:database session created
[2023-11-21 11:10:40,348] INFO:feature-service:24:getting latest database datetime record
[2023-11-21 11:10:40,446] INFO:feature-service:28:initial daily datetime ID: 2023-11-21 00:00:00
[2023-11-21 11:10:40,447] INFO:feature-service:30:initial hour datetime ID: 2023-11-21 15:00:00
[2023-11-21 11:10:40,447] INFO:feature-service:32:initial minute datetime ID: 2023-11-21 15:59:00
[2023-11-21 11:10:40,447] INFO:feature-service:35:starting query loop
[2023-11-21 11:10:40,623] INFO:feature-service:130:getting hour price data for: 2023-11-21 16:00:00
[2023-11-21 11:10:43,588] INFO:feature-service:214:hour data successfully committed to the database
[2023-11-21 11:10:43,590] INFO:feature-service:58:hour ID value update: 2023-11-21 16:00:00
[2023-11-21 11:10:43,592] INFO:feature-service:61:updating intra daily data: 2023-11-21 16:00:00
[2023-11-21 11:10:43,594] INFO:feature-service:44:getting daily price data for: 2023-11-21 00:00:00
[2023-11-21 11:10:43,766] INFO:feature-service:63:successful daily request price data for: 2023-11-21
[2023-11-21 11:10:43,974] INFO:feature-service:100:latest intra daily price data 2023-11-21 00:00:00 updated
[2023-11-21 11:10:43,974] INFO:feature-service:82:query loop complete
[2023-11-21 11:11:33,976] INFO:feature-service:274:getting minute price data for: 2023-11-21 16:11:00
[2023-11-21 11:11:34,432] INFO:feature-service:296:minute data successfully committed to the database
[2023-11-21 11:11:34,433] INFO:feature-service:71:minute ID value update: 2023-11-21 16:11:00
[2023-11-21 11:11:34,434] INFO:feature-service:74:updating intra hour data: 2023-11-21 16:11:00
[2023-11-21 11:11:34,434] INFO:feature-service:130:getting hour price data for: 2023-11-21 16:00:00
[2023-11-21 11:11:37,034] INFO:feature-service:255:latest intra hour price data 2023-11-21 16:00:00 updated
[2023-11-21 11:11:37,036] INFO:feature-service:82:query loop complete
[2023-11-21 11:12:27,040] INFO:feature-service:274:getting minute price data for: 2023-11-21 16:12:00
[2023-11-21 11:12:27,400] INFO:feature-service:296:minute data successfully committed to the database
[2023-11-21 11:12:27,401] INFO:feature-service:71:minute ID value update: 2023-11-21 16:12:00
[2023-11-21 11:12:27,401] INFO:feature-service:74:updating intra hour data: 2023-11-21 16:12:00
[2023-11-21 11:12:27,402] INFO:feature-service:130:getting hour price data for: 2023-11-21 16:00:00
[2023-11-21 11:12:30,101] INFO:feature-service:255:latest intra hour price data 2023-11-21 16:00:00 updated
[2023-11-21 11:12:30,102] INFO:feature-service:82:query loop complete
[2023-11-21 11:13:20,103] INFO:feature-service:274:getting minute price data for: 2023-11-21 16:13:00
[2023-11-21 11:13:20,499] INFO:feature-service:296:minute data successfully committed to the database
[2023-11-21 11:13:20,500] INFO:feature-service:71:minute ID value update: 2023-11-21 16:13:00
[2023-11-21 11:13:20,501] INFO:feature-service:74:updating intra hour data: 2023-11-21 16:13:00
[2023-11-21 11:13:20,501] INFO:feature-service:130:getting hour price data for: 2023-11-21 16:00:00
[2023-11-21 11:13:22,945] INFO:feature-service:255:latest intra hour price data 2023-11-21 16:00:00 updated
[2023-11-21 11:13:22,948] INFO:feature-service:82:query loop complete
[2023-11-21 11:14:12,950] INFO:feature-service:274:getting minute price data for: 2023-11-21 16:14:00
[2023-11-21 11:14:13,321] INFO:feature-service:296:minute data successfully committed to the database
[2023-11-21 11:14:13,323] INFO:feature-service:71:minute ID value update: 2023-11-21 16:14:00
[2023-11-21 11:14:13,324] INFO:feature-service:74:updating intra hour data: 2023-11-21 16:14:00
[2023-11-21 11:14:13,325] INFO:feature-service:130:getting hour price data for: 2023-11-21 16:00:00
[2023-11-21 11:14:15,874] INFO:feature-service:255:latest intra hour price data 2023-11-21 16:00:00 updated
[2023-11-21 11:14:15,877] INFO:feature-service:82:query loop complete
[2023-11-21 11:15:05,879] INFO:feature-service:274:getting minute price data for: 2023-11-21 16:15:00
[2023-11-21 11:15:06,328] INFO:feature-service:296:minute data successfully committed to the database
[2023-11-21 11:15:06,331] INFO:feature-service:71:minute ID value update: 2023-11-21 16:15:00
[2023-11-21 11:15:06,334] INFO:feature-service:74:updating intra hour data: 2023-11-21 16:15:00
[2023-11-21 11:15:06,335] INFO:feature-service:130:getting hour price data for: 2023-11-21 16:00:00
[2023-11-21 11:15:09,073] INFO:feature-service:255:latest intra hour price data 2023-11-21 16:00:00 updated
[2023-11-21 11:15:09,076] INFO:feature-service:82:query loop complete
[2023-11-21 11:15:59,079] INFO:feature-service:80:no data update
[2023-11-21 11:15:59,080] INFO:feature-service:82:query loop complete
[2023-11-21 11:16:49,081] INFO:feature-service:274:getting minute price data for: 2023-11-21 16:16:00
[2023-11-21 11:16:49,466] INFO:feature-service:296:minute data successfully committed to the database
[2023-11-21 11:16:49,467] INFO:feature-service:71:minute ID value update: 2023-11-21 16:16:00
[2023-11-21 11:16:49,468] INFO:feature-service:74:updating intra hour data: 2023-11-21 16:16:00
[2023-11-21 11:16:49,469] INFO:feature-service:130:getting hour price data for: 2023-11-21 16:00:00
[2023-11-21 11:16:51,831] INFO:feature-service:255:latest intra hour price data 2023-11-21 16:00:00 updated
[2023-11-21 11:16:51,832] INFO:feature-service:82:query loop complete
[2023-11-21 11:17:41,834] INFO:feature-service:274:getting minute price data for: 2023-11-21 16:17:00
[2023-11-21 11:17:42,430] INFO:feature-service:296:minute data successfully committed to the database
[2023-11-21 11:17:42,430] INFO:feature-service:71:minute ID value update: 2023-11-21 16:17:00
[2023-11-21 11:17:42,431] INFO:feature-service:74:updating intra hour data: 2023-11-21 16:17:00
[2023-11-21 11:17:42,431] INFO:feature-service:130:getting hour price data for: 2023-11-21 16:00:00
[2023-11-21 11:17:44,971] INFO:feature-service:255:latest intra hour price data 2023-11-21 16:00:00 updated
[2023-11-21 11:17:44,972] INFO:feature-service:82:query loop complete
[2023-11-21 11:18:34,973] INFO:feature-service:274:getting minute price data for: 2023-11-21 16:18:00
[2023-11-21 11:18:35,329] INFO:feature-service:296:minute data successfully committed to the database
[2023-11-21 11:18:35,332] INFO:feature-service:71:minute ID value update: 2023-11-21 16:18:00
[2023-11-21 11:18:35,334] INFO:feature-service:74:updating intra hour data: 2023-11-21 16:18:00
[2023-11-21 11:18:35,337] INFO:feature-service:130:getting hour price data for: 2023-11-21 16:00:00
[2023-11-21 11:18:37,744] INFO:feature-service:255:latest intra hour price data 2023-11-21 16:00:00 updated
[2023-11-21 11:18:37,746] INFO:feature-service:82:query loop complete
[2023-11-21 11:19:27,748] INFO:feature-service:274:getting minute price data for: 2023-11-21 16:19:00
[2023-11-21 11:19:28,444] INFO:feature-service:296:minute data successfully committed to the database
[2023-11-21 11:19:28,446] INFO:feature-service:71:minute ID value update: 2023-11-21 16:19:00
[2023-11-21 11:19:28,447] INFO:feature-service:74:updating intra hour data: 2023-11-21 16:19:00
[2023-11-21 11:19:28,449] INFO:feature-service:130:getting hour price data for: 2023-11-21 16:00:00
[2023-11-21 11:19:31,431] INFO:feature-service:255:latest intra hour price data 2023-11-21 16:00:00 updated
[2023-11-21 11:19:31,432] INFO:feature-service:82:query loop complete
[2023-11-21 11:20:21,433] INFO:feature-service:274:getting minute price data for: 2023-11-21 16:20:00
[2023-11-21 11:20:21,804] INFO:feature-service:296:minute data successfully committed to the database
[2023-11-21 11:20:21,806] INFO:feature-service:71:minute ID value update: 2023-11-21 16:20:00
[2023-11-21 11:20:21,808] INFO:feature-service:74:updating intra hour data: 2023-11-21 16:20:00
[2023-11-21 11:20:21,809] INFO:feature-service:130:getting hour price data for: 2023-11-21 16:00:00
[2023-11-21 11:20:24,285] INFO:feature-service:255:latest intra hour price data 2023-11-21 16:00:00 updated
[2023-11-21 11:20:24,287] INFO:feature-service:82:query loop complete
[2023-11-21 11:21:14,290] INFO:feature-service:274:getting minute price data for: 2023-11-21 16:21:00
[2023-11-21 11:21:14,683] INFO:feature-service:296:minute data successfully committed to the database
[2023-11-21 11:21:14,684] INFO:feature-service:71:minute ID value update: 2023-11-21 16:21:00
[2023-11-21 11:21:14,684] INFO:feature-service:74:updating intra hour data: 2023-11-21 16:21:00
[2023-11-21 11:21:14,685] INFO:feature-service:130:getting hour price data for: 2023-11-21 16:00:00
[2023-11-21 11:21:17,241] INFO:feature-service:255:latest intra hour price data 2023-11-21 16:00:00 updated
[2023-11-21 11:21:17,242] INFO:feature-service:82:query loop complete
[2023-11-21 11:22:07,245] INFO:feature-service:274:getting minute price data for: 2023-11-21 16:22:00
[2023-11-21 11:22:07,745] INFO:feature-service:296:minute data successfully committed to the database
[2023-11-21 11:22:07,748] INFO:feature-service:71:minute ID value update: 2023-11-21 16:22:00
[2023-11-21 11:22:07,749] INFO:feature-service:74:updating intra hour data: 2023-11-21 16:22:00
[2023-11-21 11:22:07,750] INFO:feature-service:130:getting hour price data for: 2023-11-21 16:00:00
[2023-11-21 11:22:10,510] INFO:feature-service:255:latest intra hour price data 2023-11-21 16:00:00 updated
[2023-11-21 11:22:10,518] INFO:feature-service:82:query loop complete
[2023-11-21 11:23:00,520] INFO:feature-service:274:getting minute price data for: 2023-11-21 16:23:00
[2023-11-21 11:23:00,937] INFO:feature-service:296:minute data successfully committed to the database
[2023-11-21 11:23:00,941] INFO:feature-service:71:minute ID value update: 2023-11-21 16:23:00
[2023-11-21 11:23:00,942] INFO:feature-service:74:updating intra hour data: 2023-11-21 16:23:00
[2023-11-21 11:23:00,944] INFO:feature-service:130:getting hour price data for: 2023-11-21 16:00:00
[2023-11-21 11:23:03,647] INFO:feature-service:255:latest intra hour price data 2023-11-21 16:00:00 updated
[2023-11-21 11:23:03,647] INFO:feature-service:82:query loop complete
[2023-11-21 11:23:53,649] INFO:feature-service:80:no data update
[2023-11-21 11:23:53,653] INFO:feature-service:82:query loop complete
[2023-11-21 11:24:43,657] INFO:feature-service:274:getting minute price data for: 2023-11-21 16:24:00
[2023-11-21 11:24:44,066] INFO:feature-service:296:minute data successfully committed to the database
[2023-11-21 11:24:44,069] INFO:feature-service:71:minute ID value update: 2023-11-21 16:24:00
[2023-11-21 11:24:44,070] INFO:feature-service:74:updating intra hour data: 2023-11-21 16:24:00
[2023-11-21 11:24:44,071] INFO:feature-service:130:getting hour price data for: 2023-11-21 16:00:00
[2023-11-21 11:24:47,101] INFO:feature-service:255:latest intra hour price data 2023-11-21 16:00:00 updated
[2023-11-21 11:24:47,102] INFO:feature-service:82:query loop complete
[2023-11-21 11:25:37,104] INFO:feature-service:274:getting minute price data for: 2023-11-21 16:25:00
[2023-11-21 11:25:37,463] INFO:feature-service:296:minute data successfully committed to the database
[2023-11-21 11:25:37,463] INFO:feature-service:71:minute ID value update: 2023-11-21 16:25:00
[2023-11-21 11:25:37,464] INFO:feature-service:74:updating intra hour data: 2023-11-21 16:25:00
[2023-11-21 11:25:37,465] INFO:feature-service:130:getting hour price data for: 2023-11-21 16:00:00
[2023-11-21 11:25:39,839] INFO:feature-service:255:latest intra hour price data 2023-11-21 16:00:00 updated
[2023-11-21 11:25:39,839] INFO:feature-service:82:query loop complete
[2023-11-21 11:26:29,842] INFO:feature-service:274:getting minute price data for: 2023-11-21 16:26:00
[2023-11-21 11:26:30,520] INFO:feature-service:296:minute data successfully committed to the database
[2023-11-21 11:26:30,524] INFO:feature-service:71:minute ID value update: 2023-11-21 16:26:00
[2023-11-21 11:26:30,528] INFO:feature-service:74:updating intra hour data: 2023-11-21 16:26:00
[2023-11-21 11:26:30,531] INFO:feature-service:130:getting hour price data for: 2023-11-21 16:00:00
[2023-11-21 11:26:33,766] INFO:feature-service:255:latest intra hour price data 2023-11-21 16:00:00 updated
[2023-11-21 11:26:33,768] INFO:feature-service:82:query loop complete
[2023-11-21 11:27:23,770] INFO:feature-service:274:getting minute price data for: 2023-11-21 16:27:00
[2023-11-21 11:27:24,174] INFO:feature-service:296:minute data successfully committed to the database
[2023-11-21 11:27:24,175] INFO:feature-service:71:minute ID value update: 2023-11-21 16:27:00
[2023-11-21 11:27:24,176] INFO:feature-service:74:updating intra hour data: 2023-11-21 16:27:00
[2023-11-21 11:27:24,176] INFO:feature-service:130:getting hour price data for: 2023-11-21 16:00:00
[2023-11-21 11:27:27,559] INFO:feature-service:255:latest intra hour price data 2023-11-21 16:00:00 updated
[2023-11-21 11:27:27,559] INFO:feature-service:82:query loop complete
[2023-11-21 11:28:17,560] INFO:feature-service:274:getting minute price data for: 2023-11-21 16:28:00
[2023-11-21 11:28:17,899] INFO:feature-service:296:minute data successfully committed to the database
[2023-11-21 11:28:17,900] INFO:feature-service:71:minute ID value update: 2023-11-21 16:28:00
[2023-11-21 11:28:17,900] INFO:feature-service:74:updating intra hour data: 2023-11-21 16:28:00
[2023-11-21 11:28:17,900] INFO:feature-service:130:getting hour price data for: 2023-11-21 16:00:00
[2023-11-21 11:28:20,324] INFO:feature-service:255:latest intra hour price data 2023-11-21 16:00:00 updated
[2023-11-21 11:28:20,325] INFO:feature-service:82:query loop complete
[2023-11-21 11:29:10,327] INFO:feature-service:274:getting minute price data for: 2023-11-21 16:29:00
[2023-11-21 11:29:11,005] INFO:feature-service:296:minute data successfully committed to the database
[2023-11-21 11:29:11,006] INFO:feature-service:71:minute ID value update: 2023-11-21 16:29:00
[2023-11-21 11:29:11,007] INFO:feature-service:74:updating intra hour data: 2023-11-21 16:29:00
[2023-11-21 11:29:11,007] INFO:feature-service:130:getting hour price data for: 2023-11-21 16:00:00
[2023-11-21 11:29:13,661] INFO:feature-service:255:latest intra hour price data 2023-11-21 16:00:00 updated
[2023-11-21 11:29:13,662] INFO:feature-service:82:query loop complete
[2023-11-21 11:30:03,665] INFO:feature-service:274:getting minute price data for: 2023-11-21 16:30:00
[2023-11-21 11:30:04,015] INFO:feature-service:296:minute data successfully committed to the database
[2023-11-21 11:30:04,017] INFO:feature-service:71:minute ID value update: 2023-11-21 16:30:00
[2023-11-21 11:30:04,018] INFO:feature-service:74:updating intra hour data: 2023-11-21 16:30:00
[2023-11-21 11:30:04,019] INFO:feature-service:130:getting hour price data for: 2023-11-21 16:00:00
[2023-11-21 11:30:06,994] INFO:feature-service:255:latest intra hour price data 2023-11-21 16:00:00 updated
[2023-11-21 11:30:06,995] INFO:feature-service:82:query loop complete
[2023-11-21 11:30:56,996] INFO:feature-service:80:no data update
[2023-11-21 11:30:56,997] INFO:feature-service:82:query loop complete
[2023-11-21 11:31:46,999] INFO:feature-service:274:getting minute price data for: 2023-11-21 16:31:00
[2023-11-21 11:31:47,541] INFO:feature-service:296:minute data successfully committed to the database
[2023-11-21 11:31:47,543] INFO:feature-service:71:minute ID value update: 2023-11-21 16:31:00
[2023-11-21 11:31:47,545] INFO:feature-service:74:updating intra hour data: 2023-11-21 16:31:00
[2023-11-21 11:31:47,547] INFO:feature-service:130:getting hour price data for: 2023-11-21 16:00:00
[2023-11-21 11:31:50,100] INFO:feature-service:255:latest intra hour price data 2023-11-21 16:00:00 updated
[2023-11-21 11:31:50,102] INFO:feature-service:82:query loop complete
[2023-11-21 11:32:40,105] INFO:feature-service:274:getting minute price data for: 2023-11-21 16:32:00
[2023-11-21 11:32:40,719] INFO:feature-service:296:minute data successfully committed to the database
[2023-11-21 11:32:40,721] INFO:feature-service:71:minute ID value update: 2023-11-21 16:32:00
[2023-11-21 11:32:40,723] INFO:feature-service:74:updating intra hour data: 2023-11-21 16:32:00
[2023-11-21 11:32:40,725] INFO:feature-service:130:getting hour price data for: 2023-11-21 16:00:00
[2023-11-21 11:32:43,176] INFO:feature-service:255:latest intra hour price data 2023-11-21 16:00:00 updated
[2023-11-21 11:32:43,177] INFO:feature-service:82:query loop complete
[2023-11-21 11:33:33,181] INFO:feature-service:274:getting minute price data for: 2023-11-21 16:33:00
[2023-11-21 11:33:33,708] INFO:feature-service:296:minute data successfully committed to the database
[2023-11-21 11:33:33,708] INFO:feature-service:71:minute ID value update: 2023-11-21 16:33:00
[2023-11-21 11:33:33,709] INFO:feature-service:74:updating intra hour data: 2023-11-21 16:33:00
[2023-11-21 11:33:33,709] INFO:feature-service:130:getting hour price data for: 2023-11-21 16:00:00
[2023-11-21 11:33:36,500] INFO:feature-service:255:latest intra hour price data 2023-11-21 16:00:00 updated
[2023-11-21 11:33:36,501] INFO:feature-service:82:query loop complete
[2023-11-21 11:34:26,503] INFO:feature-service:274:getting minute price data for: 2023-11-21 16:34:00
[2023-11-21 11:34:26,865] INFO:feature-service:296:minute data successfully committed to the database
[2023-11-21 11:34:26,866] INFO:feature-service:71:minute ID value update: 2023-11-21 16:34:00
[2023-11-21 11:34:26,867] INFO:feature-service:74:updating intra hour data: 2023-11-21 16:34:00
[2023-11-21 11:34:26,869] INFO:feature-service:130:getting hour price data for: 2023-11-21 16:00:00
[2023-11-21 11:34:29,406] INFO:feature-service:255:latest intra hour price data 2023-11-21 16:00:00 updated
[2023-11-21 11:34:29,408] INFO:feature-service:82:query loop complete
[2023-11-21 11:35:19,410] INFO:feature-service:274:getting minute price data for: 2023-11-21 16:35:00
[2023-11-21 11:35:19,793] INFO:feature-service:296:minute data successfully committed to the database
[2023-11-21 11:35:19,793] INFO:feature-service:71:minute ID value update: 2023-11-21 16:35:00
[2023-11-21 11:35:19,793] INFO:feature-service:74:updating intra hour data: 2023-11-21 16:35:00
[2023-11-21 11:35:19,794] INFO:feature-service:130:getting hour price data for: 2023-11-21 16:00:00
[2023-11-21 11:35:22,587] INFO:feature-service:255:latest intra hour price data 2023-11-21 16:00:00 updated
[2023-11-21 11:35:22,589] INFO:feature-service:82:query loop complete
[2023-11-21 11:36:12,591] INFO:feature-service:274:getting minute price data for: 2023-11-21 16:36:00
[2023-11-21 11:36:13,565] INFO:feature-service:296:minute data successfully committed to the database
[2023-11-21 11:36:13,567] INFO:feature-service:71:minute ID value update: 2023-11-21 16:36:00
[2023-11-21 11:36:13,568] INFO:feature-service:74:updating intra hour data: 2023-11-21 16:36:00
[2023-11-21 11:36:13,569] INFO:feature-service:130:getting hour price data for: 2023-11-21 16:00:00
[2023-11-21 11:36:16,003] INFO:feature-service:255:latest intra hour price data 2023-11-21 16:00:00 updated
[2023-11-21 11:36:16,005] INFO:feature-service:82:query loop complete
[2023-11-21 11:37:06,007] INFO:feature-service:274:getting minute price data for: 2023-11-21 16:37:00
[2023-11-21 11:37:06,363] INFO:feature-service:296:minute data successfully committed to the database
[2023-11-21 11:37:06,366] INFO:feature-service:71:minute ID value update: 2023-11-21 16:37:00
[2023-11-21 11:37:06,368] INFO:feature-service:74:updating intra hour data: 2023-11-21 16:37:00
[2023-11-21 11:37:06,371] INFO:feature-service:130:getting hour price data for: 2023-11-21 16:00:00
[2023-11-21 11:37:08,806] INFO:feature-service:255:latest intra hour price data 2023-11-21 16:00:00 updated
[2023-11-21 11:37:08,807] INFO:feature-service:82:query loop complete
[2023-11-21 11:37:58,808] INFO:feature-service:80:no data update
[2023-11-21 11:37:58,811] INFO:feature-service:82:query loop complete
[2023-11-21 11:38:48,814] INFO:feature-service:274:getting minute price data for: 2023-11-21 16:38:00
[2023-11-21 11:38:49,254] INFO:feature-service:296:minute data successfully committed to the database
[2023-11-21 11:38:49,255] INFO:feature-service:71:minute ID value update: 2023-11-21 16:38:00
[2023-11-21 11:38:49,256] INFO:feature-service:74:updating intra hour data: 2023-11-21 16:38:00
[2023-11-21 11:38:49,256] INFO:feature-service:130:getting hour price data for: 2023-11-21 16:00:00
[2023-11-21 11:38:52,074] INFO:feature-service:255:latest intra hour price data 2023-11-21 16:00:00 updated
[2023-11-21 11:38:52,076] INFO:feature-service:82:query loop complete
[2023-11-21 11:39:42,079] INFO:feature-service:274:getting minute price data for: 2023-11-21 16:39:00
[2023-11-21 11:39:42,474] INFO:feature-service:296:minute data successfully committed to the database
[2023-11-21 11:39:42,483] INFO:feature-service:71:minute ID value update: 2023-11-21 16:39:00
[2023-11-21 11:39:42,484] INFO:feature-service:74:updating intra hour data: 2023-11-21 16:39:00
[2023-11-21 11:39:42,485] INFO:feature-service:130:getting hour price data for: 2023-11-21 16:00:00
[2023-11-21 11:39:45,421] INFO:feature-service:255:latest intra hour price data 2023-11-21 16:00:00 updated
[2023-11-21 11:39:45,423] INFO:feature-service:82:query loop complete
[2023-11-21 11:40:35,425] INFO:feature-service:274:getting minute price data for: 2023-11-21 16:40:00
[2023-11-21 11:40:35,864] INFO:feature-service:296:minute data successfully committed to the database
[2023-11-21 11:40:35,866] INFO:feature-service:71:minute ID value update: 2023-11-21 16:40:00
[2023-11-21 11:40:35,869] INFO:feature-service:74:updating intra hour data: 2023-11-21 16:40:00
[2023-11-21 11:40:35,871] INFO:feature-service:130:getting hour price data for: 2023-11-21 16:00:00
[2023-11-21 11:40:38,371] INFO:feature-service:255:latest intra hour price data 2023-11-21 16:00:00 updated
[2023-11-21 11:40:38,372] INFO:feature-service:82:query loop complete
[2023-11-21 11:41:28,373] INFO:feature-service:274:getting minute price data for: 2023-11-21 16:41:00
[2023-11-21 11:41:28,729] INFO:feature-service:296:minute data successfully committed to the database
[2023-11-21 11:41:28,730] INFO:feature-service:71:minute ID value update: 2023-11-21 16:41:00
[2023-11-21 11:41:28,731] INFO:feature-service:74:updating intra hour data: 2023-11-21 16:41:00
[2023-11-21 11:41:28,731] INFO:feature-service:130:getting hour price data for: 2023-11-21 16:00:00
[2023-11-21 11:41:31,554] INFO:feature-service:255:latest intra hour price data 2023-11-21 16:00:00 updated
[2023-11-21 11:41:31,555] INFO:feature-service:82:query loop complete
[2023-11-21 11:42:21,556] INFO:feature-service:274:getting minute price data for: 2023-11-21 16:42:00
[2023-11-21 11:42:22,006] INFO:feature-service:296:minute data successfully committed to the database
[2023-11-21 11:42:22,008] INFO:feature-service:71:minute ID value update: 2023-11-21 16:42:00
[2023-11-21 11:42:22,009] INFO:feature-service:74:updating intra hour data: 2023-11-21 16:42:00
[2023-11-21 11:42:22,010] INFO:feature-service:130:getting hour price data for: 2023-11-21 16:00:00
[2023-11-21 11:42:24,997] INFO:feature-service:255:latest intra hour price data 2023-11-21 16:00:00 updated
[2023-11-21 11:42:24,998] INFO:feature-service:82:query loop complete
[2023-11-21 11:43:14,999] INFO:feature-service:274:getting minute price data for: 2023-11-21 16:43:00
[2023-11-21 11:43:15,355] INFO:feature-service:296:minute data successfully committed to the database
[2023-11-21 11:43:15,357] INFO:feature-service:71:minute ID value update: 2023-11-21 16:43:00
[2023-11-21 11:43:15,359] INFO:feature-service:74:updating intra hour data: 2023-11-21 16:43:00
[2023-11-21 11:43:15,361] INFO:feature-service:130:getting hour price data for: 2023-11-21 16:00:00
[2023-11-21 11:43:18,508] INFO:feature-service:255:latest intra hour price data 2023-11-21 16:00:00 updated
[2023-11-21 11:43:18,509] INFO:feature-service:82:query loop complete
[2023-11-21 11:44:08,510] INFO:feature-service:274:getting minute price data for: 2023-11-21 16:44:00
[2023-11-21 11:44:08,947] INFO:feature-service:296:minute data successfully committed to the database
[2023-11-21 11:44:08,947] INFO:feature-service:71:minute ID value update: 2023-11-21 16:44:00
[2023-11-21 11:44:08,948] INFO:feature-service:74:updating intra hour data: 2023-11-21 16:44:00
[2023-11-21 11:44:08,948] INFO:feature-service:130:getting hour price data for: 2023-11-21 16:00:00
[2023-11-21 11:44:11,545] INFO:feature-service:255:latest intra hour price data 2023-11-21 16:00:00 updated
[2023-11-21 11:44:11,546] INFO:feature-service:82:query loop complete
[2023-11-21 11:45:01,547] INFO:feature-service:274:getting minute price data for: 2023-11-21 16:45:00
[2023-11-21 11:45:02,083] INFO:feature-service:296:minute data successfully committed to the database
[2023-11-21 11:45:02,084] INFO:feature-service:71:minute ID value update: 2023-11-21 16:45:00
[2023-11-21 11:45:02,084] INFO:feature-service:74:updating intra hour data: 2023-11-21 16:45:00
[2023-11-21 11:45:02,085] INFO:feature-service:130:getting hour price data for: 2023-11-21 16:00:00
[2023-11-21 11:45:05,038] INFO:feature-service:255:latest intra hour price data 2023-11-21 16:00:00 updated
[2023-11-21 11:45:05,039] INFO:feature-service:82:query loop complete
[2023-11-21 11:45:55,041] INFO:feature-service:80:no data update
[2023-11-21 11:45:55,041] INFO:feature-service:82:query loop complete
[2023-11-21 11:46:45,042] INFO:feature-service:274:getting minute price data for: 2023-11-21 16:46:00
[2023-11-21 11:46:45,455] INFO:feature-service:296:minute data successfully committed to the database
[2023-11-21 11:46:45,457] INFO:feature-service:71:minute ID value update: 2023-11-21 16:46:00
[2023-11-21 11:46:45,458] INFO:feature-service:74:updating intra hour data: 2023-11-21 16:46:00
[2023-11-21 11:46:45,460] INFO:feature-service:130:getting hour price data for: 2023-11-21 16:00:00
[2023-11-21 11:46:47,979] INFO:feature-service:255:latest intra hour price data 2023-11-21 16:00:00 updated
[2023-11-21 11:46:47,980] INFO:feature-service:82:query loop complete
[2023-11-21 11:47:37,981] INFO:feature-service:274:getting minute price data for: 2023-11-21 16:47:00
[2023-11-21 11:47:38,313] INFO:feature-service:296:minute data successfully committed to the database
[2023-11-21 11:47:38,314] INFO:feature-service:71:minute ID value update: 2023-11-21 16:47:00
[2023-11-21 11:47:38,314] INFO:feature-service:74:updating intra hour data: 2023-11-21 16:47:00
[2023-11-21 11:47:38,315] INFO:feature-service:130:getting hour price data for: 2023-11-21 16:00:00
[2023-11-21 11:47:40,691] INFO:feature-service:255:latest intra hour price data 2023-11-21 16:00:00 updated
[2023-11-21 11:47:40,691] INFO:feature-service:82:query loop complete
[2023-11-21 11:48:30,693] INFO:feature-service:274:getting minute price data for: 2023-11-21 16:48:00
[2023-11-21 11:48:31,069] INFO:feature-service:296:minute data successfully committed to the database
[2023-11-21 11:48:31,069] INFO:feature-service:71:minute ID value update: 2023-11-21 16:48:00
[2023-11-21 11:48:31,070] INFO:feature-service:74:updating intra hour data: 2023-11-21 16:48:00
[2023-11-21 11:48:31,070] INFO:feature-service:130:getting hour price data for: 2023-11-21 16:00:00
[2023-11-21 11:48:33,452] INFO:feature-service:255:latest intra hour price data 2023-11-21 16:00:00 updated
[2023-11-21 11:48:33,453] INFO:feature-service:82:query loop complete
[2023-11-21 11:49:23,454] INFO:feature-service:274:getting minute price data for: 2023-11-21 16:49:00
[2023-11-21 11:49:23,920] INFO:feature-service:296:minute data successfully committed to the database
[2023-11-21 11:49:23,921] INFO:feature-service:71:minute ID value update: 2023-11-21 16:49:00
[2023-11-21 11:49:23,922] INFO:feature-service:74:updating intra hour data: 2023-11-21 16:49:00
[2023-11-21 11:49:23,923] INFO:feature-service:130:getting hour price data for: 2023-11-21 16:00:00
[2023-11-21 11:49:26,606] INFO:feature-service:255:latest intra hour price data 2023-11-21 16:00:00 updated
[2023-11-21 11:49:26,607] INFO:feature-service:82:query loop complete
[2023-11-21 11:50:16,609] INFO:feature-service:274:getting minute price data for: 2023-11-21 16:50:00
[2023-11-21 11:50:17,316] INFO:feature-service:296:minute data successfully committed to the database
[2023-11-21 11:50:17,318] INFO:feature-service:71:minute ID value update: 2023-11-21 16:50:00
[2023-11-21 11:50:17,319] INFO:feature-service:74:updating intra hour data: 2023-11-21 16:50:00
[2023-11-21 11:50:17,320] INFO:feature-service:130:getting hour price data for: 2023-11-21 16:00:00
[2023-11-21 11:50:19,763] INFO:feature-service:255:latest intra hour price data 2023-11-21 16:00:00 updated
[2023-11-21 11:50:19,764] INFO:feature-service:82:query loop complete
[2023-11-21 11:51:09,767] INFO:feature-service:274:getting minute price data for: 2023-11-21 16:51:00
[2023-11-21 11:51:10,187] INFO:feature-service:296:minute data successfully committed to the database
[2023-11-21 11:51:10,188] INFO:feature-service:71:minute ID value update: 2023-11-21 16:51:00
[2023-11-21 11:51:10,189] INFO:feature-service:74:updating intra hour data: 2023-11-21 16:51:00
[2023-11-21 11:51:10,189] INFO:feature-service:130:getting hour price data for: 2023-11-21 16:00:00
[2023-11-21 11:51:12,642] INFO:feature-service:255:latest intra hour price data 2023-11-21 16:00:00 updated
[2023-11-21 11:51:12,643] INFO:feature-service:82:query loop complete
[2023-11-21 11:52:02,645] INFO:feature-service:274:getting minute price data for: 2023-11-21 16:52:00
[2023-11-21 11:52:02,987] INFO:feature-service:296:minute data successfully committed to the database
[2023-11-21 11:52:02,989] INFO:feature-service:71:minute ID value update: 2023-11-21 16:52:00
[2023-11-21 11:52:02,991] INFO:feature-service:74:updating intra hour data: 2023-11-21 16:52:00
[2023-11-21 11:52:02,993] INFO:feature-service:130:getting hour price data for: 2023-11-21 16:00:00
[2023-11-21 11:52:06,084] INFO:feature-service:255:latest intra hour price data 2023-11-21 16:00:00 updated
[2023-11-21 11:52:06,086] INFO:feature-service:82:query loop complete
[2023-11-21 11:52:56,088] INFO:feature-service:80:no data update
[2023-11-21 11:52:56,091] INFO:feature-service:82:query loop complete
[2023-11-21 11:53:46,093] INFO:feature-service:274:getting minute price data for: 2023-11-21 16:53:00
[2023-11-21 11:53:46,534] INFO:feature-service:296:minute data successfully committed to the database
[2023-11-21 11:53:46,535] INFO:feature-service:71:minute ID value update: 2023-11-21 16:53:00
[2023-11-21 11:53:46,536] INFO:feature-service:74:updating intra hour data: 2023-11-21 16:53:00
[2023-11-21 11:53:46,536] INFO:feature-service:130:getting hour price data for: 2023-11-21 16:00:00
[2023-11-21 11:53:49,308] INFO:feature-service:255:latest intra hour price data 2023-11-21 16:00:00 updated
[2023-11-21 11:53:49,310] INFO:feature-service:82:query loop complete
[2023-11-21 11:54:39,314] INFO:feature-service:274:getting minute price data for: 2023-11-21 16:54:00
[2023-11-21 11:54:39,695] INFO:feature-service:296:minute data successfully committed to the database
[2023-11-21 11:54:39,696] INFO:feature-service:71:minute ID value update: 2023-11-21 16:54:00
[2023-11-21 11:54:39,697] INFO:feature-service:74:updating intra hour data: 2023-11-21 16:54:00
[2023-11-21 11:54:39,698] INFO:feature-service:130:getting hour price data for: 2023-11-21 16:00:00
[2023-11-21 11:54:42,345] INFO:feature-service:255:latest intra hour price data 2023-11-21 16:00:00 updated
[2023-11-21 11:54:42,352] INFO:feature-service:82:query loop complete
[2023-11-21 11:55:32,354] INFO:feature-service:274:getting minute price data for: 2023-11-21 16:55:00
[2023-11-21 11:55:32,789] INFO:feature-service:296:minute data successfully committed to the database
[2023-11-21 11:55:32,791] INFO:feature-service:71:minute ID value update: 2023-11-21 16:55:00
[2023-11-21 11:55:32,792] INFO:feature-service:74:updating intra hour data: 2023-11-21 16:55:00
[2023-11-21 11:55:32,794] INFO:feature-service:130:getting hour price data for: 2023-11-21 16:00:00
[2023-11-21 11:55:35,331] INFO:feature-service:255:latest intra hour price data 2023-11-21 16:00:00 updated
[2023-11-21 11:55:35,334] INFO:feature-service:82:query loop complete
[2023-11-21 11:56:25,337] INFO:feature-service:274:getting minute price data for: 2023-11-21 16:56:00
[2023-11-21 11:56:25,855] INFO:feature-service:296:minute data successfully committed to the database
[2023-11-21 11:56:25,857] INFO:feature-service:71:minute ID value update: 2023-11-21 16:56:00
[2023-11-21 11:56:25,857] INFO:feature-service:74:updating intra hour data: 2023-11-21 16:56:00
[2023-11-21 11:56:25,858] INFO:feature-service:130:getting hour price data for: 2023-11-21 16:00:00
[2023-11-21 11:56:28,598] INFO:feature-service:255:latest intra hour price data 2023-11-21 16:00:00 updated
[2023-11-21 11:56:28,602] INFO:feature-service:82:query loop complete
[2023-11-21 11:57:18,604] INFO:feature-service:274:getting minute price data for: 2023-11-21 16:57:00
[2023-11-21 11:57:19,005] INFO:feature-service:296:minute data successfully committed to the database
[2023-11-21 11:57:19,006] INFO:feature-service:71:minute ID value update: 2023-11-21 16:57:00
[2023-11-21 11:57:19,006] INFO:feature-service:74:updating intra hour data: 2023-11-21 16:57:00
[2023-11-21 11:57:19,007] INFO:feature-service:130:getting hour price data for: 2023-11-21 16:00:00
[2023-11-21 11:57:21,384] INFO:feature-service:255:latest intra hour price data 2023-11-21 16:00:00 updated
[2023-11-21 11:57:21,385] INFO:feature-service:82:query loop complete
[2023-11-21 11:58:11,386] INFO:feature-service:274:getting minute price data for: 2023-11-21 16:58:00
[2023-11-21 11:58:11,787] INFO:feature-service:296:minute data successfully committed to the database
[2023-11-21 11:58:11,789] INFO:feature-service:71:minute ID value update: 2023-11-21 16:58:00
[2023-11-21 11:58:11,791] INFO:feature-service:74:updating intra hour data: 2023-11-21 16:58:00
[2023-11-21 11:58:11,793] INFO:feature-service:130:getting hour price data for: 2023-11-21 16:00:00
[2023-11-21 11:58:15,483] INFO:feature-service:255:latest intra hour price data 2023-11-21 16:00:00 updated
[2023-11-21 11:58:15,485] INFO:feature-service:82:query loop complete
[2023-11-21 11:59:05,488] INFO:feature-service:274:getting minute price data for: 2023-11-21 16:59:00
[2023-11-21 11:59:05,938] INFO:feature-service:296:minute data successfully committed to the database
[2023-11-21 11:59:05,946] INFO:feature-service:71:minute ID value update: 2023-11-21 16:59:00
[2023-11-21 11:59:05,947] INFO:feature-service:74:updating intra hour data: 2023-11-21 16:59:00
[2023-11-21 11:59:05,948] INFO:feature-service:130:getting hour price data for: 2023-11-21 16:00:00
[2023-11-21 11:59:08,482] INFO:feature-service:255:latest intra hour price data 2023-11-21 16:00:00 updated
[2023-11-21 11:59:08,483] INFO:feature-service:82:query loop complete
[2023-11-21 11:59:58,484] INFO:feature-service:80:no data update
[2023-11-21 11:59:58,484] INFO:feature-service:82:query loop complete
[2023-11-21 12:00:48,485] INFO:feature-service:130:getting hour price data for: 2023-11-21 17:00:00
[2023-11-21 12:00:52,567] INFO:feature-service:214:hour data successfully committed to the database
[2023-11-21 12:00:52,570] INFO:feature-service:58:hour ID value update: 2023-11-21 17:00:00
[2023-11-21 12:00:52,572] INFO:feature-service:61:updating intra daily data: 2023-11-21 17:00:00
[2023-11-21 12:00:52,574] INFO:feature-service:44:getting daily price data for: 2023-11-21 00:00:00
[2023-11-21 12:00:52,740] INFO:feature-service:63:successful daily request price data for: 2023-11-21
[2023-11-21 12:00:52,905] INFO:feature-service:100:latest intra daily price data 2023-11-21 00:00:00 updated
[2023-11-21 12:00:52,906] INFO:feature-service:82:query loop complete
[2023-11-21 12:01:42,908] INFO:feature-service:274:getting minute price data for: 2023-11-21 17:01:00
[2023-11-21 12:01:43,270] INFO:feature-service:296:minute data successfully committed to the database
[2023-11-21 12:01:43,273] INFO:feature-service:71:minute ID value update: 2023-11-21 17:01:00
[2023-11-21 12:01:43,275] INFO:feature-service:74:updating intra hour data: 2023-11-21 17:01:00
[2023-11-21 12:01:43,277] INFO:feature-service:130:getting hour price data for: 2023-11-21 17:00:00
[2023-11-21 12:01:45,951] INFO:feature-service:255:latest intra hour price data 2023-11-21 17:00:00 updated
[2023-11-21 12:01:45,952] INFO:feature-service:82:query loop complete
[2023-11-21 12:02:35,954] INFO:feature-service:274:getting minute price data for: 2023-11-21 17:02:00
[2023-11-21 12:02:36,381] INFO:feature-service:296:minute data successfully committed to the database
[2023-11-21 12:02:36,381] INFO:feature-service:71:minute ID value update: 2023-11-21 17:02:00
[2023-11-21 12:02:36,382] INFO:feature-service:74:updating intra hour data: 2023-11-21 17:02:00
[2023-11-21 12:02:36,382] INFO:feature-service:130:getting hour price data for: 2023-11-21 17:00:00
[2023-11-21 12:02:38,760] INFO:feature-service:255:latest intra hour price data 2023-11-21 17:00:00 updated
[2023-11-21 12:02:38,763] INFO:feature-service:82:query loop complete
